# JRE version: Java(TM) SE Runtime Environment (12.0.1+12) (build 12.0.1+12)
# Java VM: Java HotSpot(TM) 64-Bit Server VM (12.0.1+12, mixed mode, sharing, tiered, compressed oops, g1 gc, windows-amd64)
Heap:
 garbage-first heap   total 144384K, used 66606K [0x00000000a1200000, 0x0000000100000000)
  region size 1024K, 31 young (31744K), 7 survivors (7168K)
 Metaspace       used 60096K, capacity 61762K, committed 61980K, reserved 1101824K
  class space    used 8192K, capacity 8839K, committed 8908K, reserved 1048576K
GC Heap History (10 events):
Event: 5.501 GC heap before
{Heap before GC invocations=13 (full 0):
 garbage-first heap   total 110592K, used 76300K [0x00000000a1200000, 0x0000000100000000)
  region size 1024K, 51 young (52224K), 6 survivors (6144K)
 Metaspace       used 34711K, capacity 35807K, committed 35964K, reserved 1081344K
  class space    used 4582K, capacity 5026K, committed 5120K, reserved 1048576K
}
Event: 5.516 GC heap after
{Heap after GC invocations=14 (full 0):
 garbage-first heap   total 141312K, used 32599K [0x00000000a1200000, 0x0000000100000000)
  region size 1024K, 4 young (4096K), 4 survivors (4096K)
 Metaspace       used 34711K, capacity 35807K, committed 35964K, reserved 1081344K
  class space    used 4582K, capacity 5026K, committed 5120K, reserved 1048576K
}
Event: 7.522 GC heap before
{Heap before GC invocations=15 (full 0):
 garbage-first heap   total 119808K, used 96087K [0x00000000a1200000, 0x0000000100000000)
  region size 1024K, 67 young (68608K), 4 survivors (4096K)
 Metaspace       used 42593K, capacity 43775K, committed 44028K, reserved 1087488K
  class space    used 5731K, capacity 6188K, committed 6272K, reserved 1048576K
}
Event: 7.533 GC heap after
{Heap after GC invocations=16 (full 0):
 garbage-first heap   total 119808K, used 35077K [0x00000000a1200000, 0x0000000100000000)
  region size 1024K, 6 young (6144K), 6 survivors (6144K)
 Metaspace       used 42593K, capacity 43775K, committed 44028K, reserved 1087488K
  class space    used 5731K, capacity 6188K, committed 6272K, reserved 1048576K
}
Event: 9.681 GC heap before
{Heap before GC invocations=16 (full 0):
 garbage-first heap   total 119808K, used 89349K [0x00000000a1200000, 0x0000000100000000)
  region size 1024K, 59 young (60416K), 6 survivors (6144K)
 Metaspace       used 49224K, capacity 50497K, committed 50684K, reserved 1093632K
  class space    used 6726K, capacity 7198K, committed 7296K, reserved 1048576K
}
Event: 9.693 GC heap after
{Heap after GC invocations=17 (full 0):
 garbage-first heap   total 119808K, used 36304K [0x00000000a1200000, 0x0000000100000000)
  region size 1024K, 5 young (5120K), 5 survivors (5120K)
 Metaspace       used 49224K, capacity 50497K, committed 50684K, reserved 1093632K
  class space    used 6726K, capacity 7198K, committed 7296K, reserved 1048576K
}
Event: 11.895 GC heap before
{Heap before GC invocations=17 (full 0):
 garbage-first heap   total 119808K, used 91600K [0x00000000a1200000, 0x0000000100000000)
  region size 1024K, 59 young (60416K), 5 survivors (5120K)
 Metaspace       used 54424K, capacity 55954K, committed 56060K, reserved 1097728K
  class space    used 7388K, capacity 7961K, committed 8064K, reserved 1048576K
}
Event: 11.908 GC heap after
{Heap after GC invocations=18 (full 0):
 garbage-first heap   total 119808K, used 39121K [0x00000000a1200000, 0x0000000100000000)
  region size 1024K, 7 young (7168K), 7 survivors (7168K)
 Metaspace       used 54424K, capacity 55954K, committed 56060K, reserved 1097728K
  class space    used 7388K, capacity 7961K, committed 8064K, reserved 1048576K
}
Event: 13.156 GC heap before
{Heap before GC invocations=18 (full 0):
 garbage-first heap   total 119808K, used 91345K [0x00000000a1200000, 0x0000000100000000)
  region size 1024K, 59 young (60416K), 7 survivors (7168K)
 Metaspace       used 58774K, capacity 60318K, committed 60368K, reserved 1101824K
  class space    used 7964K, capacity 8574K, committed 8576K, reserved 1048576K
}
Event: 13.176 GC heap after
{Heap after GC invocations=19 (full 0):
 garbage-first heap   total 144384K, used 43054K [0x00000000a1200000, 0x0000000100000000)
  region size 1024K, 7 young (7168K), 7 survivors (7168K)
 Metaspace       used 58774K, capacity 60318K, committed 60368K, reserved 1101824K
  class space    used 7964K, capacity 8574K, committed 8576K, reserved 1048576K
}

